<?xml version="1.0" encoding="UTF-8"?>
<!-- Generated by org.testng.reporters.JUnitXMLReporter -->
<testsuite hostname="ENT51" name="Test" tests="1" failures="1" timestamp="22 Jun 2018 07:47:09 GMT" time="14.922" errors="0">
  <testcase name="f" time="14.888" classname="common.LoginPermutationCombination2">
    <failure type="java.lang.NullPointerException">
      <![CDATA[java.lang.NullPointerException
	at common.WriteInToExcel.writeExcel(WriteInToExcel.java:85)
	at common.LoginPermutationCombination2.f(LoginPermutationCombination2.java:42)
... Removed 24 stack frames]]>
    </failure>
  </testcase> <!-- f -->
</testsuite> <!-- Test -->
